<?xml version="1.0" encoding="UTF-8"?>
<!-- Generated by org.testng.reporters.JUnitXMLReporter -->
<testsuite hostname="MittalComputer" ignored="0" name="FREE CRM App Test Cases" tests="9" failures="0" timestamp="2020-12-10T18:28:40 EST" time="128.088" errors="0">
  <testcase name="loginPageTitleTest" time="0.055" classname="com.crm.qa.testcases.LoginPageTest"/>
  <testcase name="loginTest" time="1.374" classname="com.crm.qa.testcases.LoginPageTest"/>
  <testcase name="verifyHomePageTitleTest" time="0.039" classname="com.crm.qa.testcases.HomePageTest"/>
  <testcase name="verifyUserNameTest" time="1.57" classname="com.crm.qa.testcases.HomePageTest"/>
  <testcase name="verifycontactsLinkTest" time="1.969" classname="com.crm.qa.testcases.HomePageTest"/>
  <testcase name="verifyContactsPageLabel" time="0.205" classname="com.crm.qa.testcases.ContactsPageTest"/>
  <testcase name="validateCreateNewContact" time="4.391" classname="com.crm.qa.testcases.ContactsPageTest"/>
  <testcase name="validateCreateNewContact" time="4.366" classname="com.crm.qa.testcases.ContactsPageTest"/>
  <testcase name="validateCreateNewContact" time="5.097" classname="com.crm.qa.testcases.ContactsPageTest"/>
</testsuite> <!-- FREE CRM App Test Cases -->
