<?xml version="1.0" encoding="UTF-8"?>
<!-- Generated by org.testng.reporters.JUnitXMLReporter -->
<testsuite hostname="MittalComputer" ignored="0" name="Surefire test" tests="11" failures="0" timestamp="2020-06-26T15:16:39 EDT" time="660.502" errors="0">
  <testcase name="verifyContactsPageLabel" time="2.926" classname="com.crm.qa.testcases.ContactsPageTest"/>
  <testcase name="selectSingleContactsTest" time="0.343" classname="com.crm.qa.testcases.ContactsPageTest"/>
  <testcase name="selectMultipleContactsTest" time="14.989" classname="com.crm.qa.testcases.ContactsPageTest"/>
  <testcase name="validateCreateNewContact" time="1.962" classname="com.crm.qa.testcases.ContactsPageTest"/>
  <testcase name="validateCreateNewContact" time="82.275" classname="com.crm.qa.testcases.ContactsPageTest"/>
  <testcase name="validateCreateNewContact" time="2.18" classname="com.crm.qa.testcases.ContactsPageTest"/>
  <testcase name="verifyHomePageTitleTest" time="0.008" classname="com.crm.qa.testcases.HomePageTest"/>
  <testcase name="verifyUserNameTest" time="0.94" classname="com.crm.qa.testcases.HomePageTest"/>
  <testcase name="verifycontactsLinkTest" time="0.868" classname="com.crm.qa.testcases.HomePageTest"/>
  <testcase name="loginPageTitleTest" time="1.565" classname="com.crm.qa.testcases.LoginPageTest"/>
  <testcase name="loginTest" time="0.742" classname="com.crm.qa.testcases.LoginPageTest"/>
</testsuite> <!-- Surefire test -->
