<?xml version="1.0" encoding="UTF-8"?>
<!-- Generated by org.testng.reporters.JUnitXMLReporter -->
<testsuite hostname="MittalComputer" ignored="0" name="Default test" tests="6" failures="0" timestamp="2020-07-10T16:27:22 EDT" time="81.546" errors="0">
  <testcase name="verifyContactsPageLabel" time="0.213" classname="com.crm.qa.testcases.ContactsPageTest"/>
  <testcase name="selectSingleContactsTest" time="0.586" classname="com.crm.qa.testcases.ContactsPageTest"/>
  <testcase name="selectMultipleContactsTest" time="0.826" classname="com.crm.qa.testcases.ContactsPageTest"/>
  <testcase name="validateCreateNewContact" time="2.918" classname="com.crm.qa.testcases.ContactsPageTest"/>
  <testcase name="validateCreateNewContact" time="2.794" classname="com.crm.qa.testcases.ContactsPageTest"/>
  <testcase name="validateCreateNewContact" time="3.069" classname="com.crm.qa.testcases.ContactsPageTest"/>
</testsuite> <!-- Default test -->
