<?xml version="1.0" encoding="UTF-8"?>
<testng-results skipped="0" failed="0" ignored="0" total="9" passed="9">
  <reporter-output>
  </reporter-output>
  <suite name="Surefire suite" duration-ms="172076" started-at="2020-12-11T12:22:30 EST" finished-at="2020-12-11T12:25:22 EST">
    <groups>
      <group name="smoke">
        <method signature="ContactsPageTest.verifyContactsPageLabel()[pri:1, instance:com.crm.qa.testcases.ContactsPageTest@21213b92]" name="verifyContactsPageLabel" class="com.crm.qa.testcases.ContactsPageTest"/>
        <method signature="HomePageTest.verifyUserNameTest()[pri:2, instance:com.crm.qa.testcases.HomePageTest@a67c67e]" name="verifyUserNameTest" class="com.crm.qa.testcases.HomePageTest"/>
        <method signature="LoginPageTest.loginTest()[pri:2, instance:com.crm.qa.testcases.LoginPageTest@3327bd23]" name="loginTest" class="com.crm.qa.testcases.LoginPageTest"/>
      </group> <!-- smoke -->
      <group name="sanity">
        <method signature="ContactsPageTest.validateCreateNewContact(java.lang.String, java.lang.String, java.lang.String)[pri:4, instance:com.crm.qa.testcases.ContactsPageTest@21213b92]" name="validateCreateNewContact" class="com.crm.qa.testcases.ContactsPageTest"/>
        <method signature="HomePageTest.verifycontactsLinkTest()[pri:3, instance:com.crm.qa.testcases.HomePageTest@a67c67e]" name="verifycontactsLinkTest" class="com.crm.qa.testcases.HomePageTest"/>
        <method signature="LoginPageTest.loginTest()[pri:2, instance:com.crm.qa.testcases.LoginPageTest@3327bd23]" name="loginTest" class="com.crm.qa.testcases.LoginPageTest"/>
      </group> <!-- sanity -->
    </groups>
    <test name="Surefire test" duration-ms="172076" started-at="2020-12-11T12:22:30 EST" finished-at="2020-12-11T12:25:22 EST">
      <class name="com.crm.qa.testcases.HomePageTest">
        <test-method status="PASS" signature="setUp()[pri:0, instance:com.crm.qa.testcases.HomePageTest@a67c67e]" name="setUp" is-config="true" duration-ms="13170" started-at="2020-12-11T12:24:10 EST" finished-at="2020-12-11T12:24:23 EST">
          <reporter-output>
          </reporter-output>
        </test-method> <!-- setUp -->
        <test-method status="PASS" signature="verifyHomePageTitleTest()[pri:1, instance:com.crm.qa.testcases.HomePageTest@a67c67e]" name="verifyHomePageTitleTest" duration-ms="18" started-at="2020-12-11T12:24:23 EST" finished-at="2020-12-11T12:24:23 EST">
          <reporter-output>
          </reporter-output>
        </test-method> <!-- verifyHomePageTitleTest -->
        <test-method status="PASS" signature="tearDown()[pri:0, instance:com.crm.qa.testcases.HomePageTest@a67c67e]" name="tearDown" is-config="true" duration-ms="938" started-at="2020-12-11T12:24:23 EST" finished-at="2020-12-11T12:24:24 EST">
          <reporter-output>
          </reporter-output>
        </test-method> <!-- tearDown -->
        <test-method status="PASS" signature="setUp()[pri:0, instance:com.crm.qa.testcases.HomePageTest@a67c67e]" name="setUp" is-config="true" duration-ms="11617" started-at="2020-12-11T12:24:24 EST" finished-at="2020-12-11T12:24:35 EST">
          <reporter-output>
          </reporter-output>
        </test-method> <!-- setUp -->
        <test-method status="PASS" signature="verifyUserNameTest()[pri:2, instance:com.crm.qa.testcases.HomePageTest@a67c67e]" name="verifyUserNameTest" duration-ms="2702" started-at="2020-12-11T12:24:35 EST" finished-at="2020-12-11T12:24:38 EST">
          <reporter-output>
          </reporter-output>
        </test-method> <!-- verifyUserNameTest -->
        <test-method status="PASS" signature="tearDown()[pri:0, instance:com.crm.qa.testcases.HomePageTest@a67c67e]" name="tearDown" is-config="true" duration-ms="1426" started-at="2020-12-11T12:24:38 EST" finished-at="2020-12-11T12:24:39 EST">
          <reporter-output>
          </reporter-output>
        </test-method> <!-- tearDown -->
        <test-method status="PASS" signature="setUp()[pri:0, instance:com.crm.qa.testcases.HomePageTest@a67c67e]" name="setUp" is-config="true" duration-ms="13113" started-at="2020-12-11T12:24:39 EST" finished-at="2020-12-11T12:24:53 EST">
          <reporter-output>
          </reporter-output>
        </test-method> <!-- setUp -->
        <test-method status="PASS" signature="verifycontactsLinkTest()[pri:3, instance:com.crm.qa.testcases.HomePageTest@a67c67e]" name="verifycontactsLinkTest" duration-ms="3362" started-at="2020-12-11T12:24:53 EST" finished-at="2020-12-11T12:24:56 EST">
          <reporter-output>
          </reporter-output>
        </test-method> <!-- verifycontactsLinkTest -->
        <test-method status="PASS" signature="tearDown()[pri:0, instance:com.crm.qa.testcases.HomePageTest@a67c67e]" name="tearDown" is-config="true" duration-ms="1572" started-at="2020-12-11T12:24:56 EST" finished-at="2020-12-11T12:24:57 EST">
          <reporter-output>
          </reporter-output>
        </test-method> <!-- tearDown -->
      </class> <!-- com.crm.qa.testcases.HomePageTest -->
      <class name="com.crm.qa.testcases.ContactsPageTest">
        <test-method status="PASS" signature="setUp()[pri:0, instance:com.crm.qa.testcases.ContactsPageTest@21213b92]" name="setUp" is-config="true" duration-ms="17509" started-at="2020-12-11T12:22:30 EST" finished-at="2020-12-11T12:22:48 EST">
          <reporter-output>
          </reporter-output>
        </test-method> <!-- setUp -->
        <test-method status="PASS" signature="verifyContactsPageLabel()[pri:1, instance:com.crm.qa.testcases.ContactsPageTest@21213b92]" name="verifyContactsPageLabel" duration-ms="556" started-at="2020-12-11T12:22:48 EST" finished-at="2020-12-11T12:22:48 EST">
          <reporter-output>
          </reporter-output>
        </test-method> <!-- verifyContactsPageLabel -->
        <test-method status="PASS" signature="tearDown()[pri:0, instance:com.crm.qa.testcases.ContactsPageTest@21213b92]" name="tearDown" is-config="true" duration-ms="1336" started-at="2020-12-11T12:22:48 EST" finished-at="2020-12-11T12:22:50 EST">
          <reporter-output>
          </reporter-output>
        </test-method> <!-- tearDown -->
        <test-method status="PASS" signature="setUp()[pri:0, instance:com.crm.qa.testcases.ContactsPageTest@21213b92]" name="setUp" is-config="true" duration-ms="16059" started-at="2020-12-11T12:22:52 EST" finished-at="2020-12-11T12:23:08 EST">
          <reporter-output>
          </reporter-output>
        </test-method> <!-- setUp -->
        <test-method status="PASS" signature="validateCreateNewContact(java.lang.String, java.lang.String, java.lang.String)[pri:4, instance:com.crm.qa.testcases.ContactsPageTest@21213b92]" name="validateCreateNewContact" duration-ms="7373" started-at="2020-12-11T12:23:08 EST" data-provider="getCRMTestData" finished-at="2020-12-11T12:23:15 EST">
          <params>
            <param index="0">
              <value>
                <![CDATA[Tom]]>
              </value>
            </param>
            <param index="1">
              <value>
                <![CDATA[Peter]]>
              </value>
            </param>
            <param index="2">
              <value>
                <![CDATA[Google]]>
              </value>
            </param>
          </params>
          <reporter-output>
          </reporter-output>
        </test-method> <!-- validateCreateNewContact -->
        <test-method status="PASS" signature="tearDown()[pri:0, instance:com.crm.qa.testcases.ContactsPageTest@21213b92]" name="tearDown" is-config="true" duration-ms="1203" started-at="2020-12-11T12:23:15 EST" finished-at="2020-12-11T12:23:16 EST">
          <reporter-output>
          </reporter-output>
        </test-method> <!-- tearDown -->
        <test-method status="PASS" signature="setUp()[pri:0, instance:com.crm.qa.testcases.ContactsPageTest@21213b92]" name="setUp" is-config="true" duration-ms="14951" started-at="2020-12-11T12:23:16 EST" finished-at="2020-12-11T12:23:31 EST">
          <reporter-output>
          </reporter-output>
        </test-method> <!-- setUp -->
        <test-method status="PASS" signature="validateCreateNewContact(java.lang.String, java.lang.String, java.lang.String)[pri:4, instance:com.crm.qa.testcases.ContactsPageTest@21213b92]" name="validateCreateNewContact" duration-ms="9729" started-at="2020-12-11T12:23:31 EST" data-provider="getCRMTestData" finished-at="2020-12-11T12:23:41 EST">
          <params>
            <param index="0">
              <value>
                <![CDATA[David]]>
              </value>
            </param>
            <param index="1">
              <value>
                <![CDATA[Cris]]>
              </value>
            </param>
            <param index="2">
              <value>
                <![CDATA[Amazon]]>
              </value>
            </param>
          </params>
          <reporter-output>
          </reporter-output>
        </test-method> <!-- validateCreateNewContact -->
        <test-method status="PASS" signature="tearDown()[pri:0, instance:com.crm.qa.testcases.ContactsPageTest@21213b92]" name="tearDown" is-config="true" duration-ms="1540" started-at="2020-12-11T12:23:41 EST" finished-at="2020-12-11T12:23:43 EST">
          <reporter-output>
          </reporter-output>
        </test-method> <!-- tearDown -->
        <test-method status="PASS" signature="setUp()[pri:0, instance:com.crm.qa.testcases.ContactsPageTest@21213b92]" name="setUp" is-config="true" duration-ms="15693" started-at="2020-12-11T12:23:43 EST" finished-at="2020-12-11T12:23:58 EST">
          <reporter-output>
          </reporter-output>
        </test-method> <!-- setUp -->
        <test-method status="PASS" signature="validateCreateNewContact(java.lang.String, java.lang.String, java.lang.String)[pri:4, instance:com.crm.qa.testcases.ContactsPageTest@21213b92]" name="validateCreateNewContact" duration-ms="9676" started-at="2020-12-11T12:23:58 EST" data-provider="getCRMTestData" finished-at="2020-12-11T12:24:08 EST">
          <params>
            <param index="0">
              <value>
                <![CDATA[Mukta]]>
              </value>
            </param>
            <param index="1">
              <value>
                <![CDATA[Sharma]]>
              </value>
            </param>
            <param index="2">
              <value>
                <![CDATA[Ebay]]>
              </value>
            </param>
          </params>
          <reporter-output>
          </reporter-output>
        </test-method> <!-- validateCreateNewContact -->
        <test-method status="PASS" signature="tearDown()[pri:0, instance:com.crm.qa.testcases.ContactsPageTest@21213b92]" name="tearDown" is-config="true" duration-ms="1524" started-at="2020-12-11T12:24:08 EST" finished-at="2020-12-11T12:24:10 EST">
          <reporter-output>
          </reporter-output>
        </test-method> <!-- tearDown -->
      </class> <!-- com.crm.qa.testcases.ContactsPageTest -->
      <class name="com.crm.qa.testcases.LoginPageTest">
        <test-method status="PASS" signature="setUp()[pri:0, instance:com.crm.qa.testcases.LoginPageTest@3327bd23]" name="setUp" is-config="true" duration-ms="11028" started-at="2020-12-11T12:24:57 EST" finished-at="2020-12-11T12:25:09 EST">
          <reporter-output>
          </reporter-output>
        </test-method> <!-- setUp -->
        <test-method status="PASS" signature="loginPageTitleTest()[pri:1, instance:com.crm.qa.testcases.LoginPageTest@3327bd23]" name="loginPageTitleTest" duration-ms="17" started-at="2020-12-11T12:25:09 EST" finished-at="2020-12-11T12:25:09 EST">
          <reporter-output>
          </reporter-output>
        </test-method> <!-- loginPageTitleTest -->
        <test-method status="PASS" signature="tearDown()[pri:0, instance:com.crm.qa.testcases.LoginPageTest@3327bd23]" name="tearDown" is-config="true" duration-ms="1546" started-at="2020-12-11T12:25:09 EST" finished-at="2020-12-11T12:25:10 EST">
          <reporter-output>
          </reporter-output>
        </test-method> <!-- tearDown -->
        <test-method status="PASS" signature="setUp()[pri:0, instance:com.crm.qa.testcases.LoginPageTest@3327bd23]" name="setUp" is-config="true" duration-ms="9457" started-at="2020-12-11T12:25:10 EST" finished-at="2020-12-11T12:25:20 EST">
          <reporter-output>
          </reporter-output>
        </test-method> <!-- setUp -->
        <test-method status="PASS" signature="loginTest()[pri:2, instance:com.crm.qa.testcases.LoginPageTest@3327bd23]" name="loginTest" duration-ms="1491" started-at="2020-12-11T12:25:20 EST" finished-at="2020-12-11T12:25:21 EST">
          <reporter-output>
          </reporter-output>
        </test-method> <!-- loginTest -->
        <test-method status="PASS" signature="tearDown()[pri:0, instance:com.crm.qa.testcases.LoginPageTest@3327bd23]" name="tearDown" is-config="true" duration-ms="1335" started-at="2020-12-11T12:25:21 EST" finished-at="2020-12-11T12:25:22 EST">
          <reporter-output>
          </reporter-output>
        </test-method> <!-- tearDown -->
      </class> <!-- com.crm.qa.testcases.LoginPageTest -->
    </test> <!-- Surefire test -->
  </suite> <!-- Surefire suite -->
</testng-results>
