<?xml version="1.0" encoding="UTF-8"?>
<testsuite xmlns:xsi="http://www.w3.org/2001/XMLSchema-instance" xsi:noNamespaceSchemaLocation="https://maven.apache.org/surefire/maven-surefire-plugin/xsd/surefire-test-report.xsd" name="TestSuite" time="155.134" tests="11" errors="0" skipped="0" failures="2">
  <properties>
[...]
</properties>
  <testcase name="verifyContactsPageLabel" classname="com.crm.qa.testcases.ContactsPageTest" time="0.142"/>
  <testcase name="selectSingleContactsTest" classname="com.crm.qa.testcases.ContactsPageTest" time="10.393">
    <failure message="Unable to locate element: //td[contains(text(),&apos;def 456&apos;)]&#10;For documentation on this error, please visit: https://www.seleniumhq.org/exceptions/no_such_element.html&#10;Build info: version: &apos;3.141.59&apos;, revision: &apos;e82be7d358&apos;, time: &apos;2018-11-14T08:17:03&apos;&#10;System info: host: &apos;MITTALCOMPUTER&apos;, ip: &apos;192.168.2.18&apos;, os.name: &apos;Windows 10&apos;, os.arch: &apos;amd64&apos;, os.version: &apos;10.0&apos;, java.version: &apos;1.8.0_221&apos;&#10;Driver info: org.openqa.selenium.firefox.FirefoxDriver&#10;Capabilities {acceptInsecureCerts: true, browserName: firefox, browserVersion: 81.0, javascriptEnabled: true, moz:accessibilityChecks: false, moz:buildID: 20200917005511, moz:geckodriverVersion: 0.26.0, moz:headless: false, moz:processID: 27336, moz:profile: C:\Users\ravin\AppData\Loca..., moz:shutdownTimeout: 60000, moz:useNonSpecCompliantPointerOrigin: false, moz:webdriverClick: true, pageLoadStrategy: normal, platform: WINDOWS, platformName: WINDOWS, platformVersion: 10.0, rotatable: false, setWindowRect: true, strictFileInteractability: false, timeouts: {implicit: 0, pageLoad: 300000, script: 30000}, unhandledPromptBehavior: dismiss and notify}&#10;Session ID: 1fd079e2-c24a-4229-aa22-00f2b60fea46&#10;*** Element info: {Using=xpath, value=//td[contains(text(),&apos;def 456&apos;)]}" type="org.openqa.selenium.NoSuchElementException">org.openqa.selenium.NoSuchElementException: 
Unable to locate element: //td[contains(text(),'def 456')]
For documentation on this error, please visit: https://www.seleniumhq.org/exceptions/no_such_element.html
Build info: version: '3.141.59', revision: 'e82be7d358', time: '2018-11-14T08:17:03'
System info: host: 'MITTALCOMPUTER', ip: '192.168.2.18', os.name: 'Windows 10', os.arch: 'amd64', os.version: '10.0', java.version: '1.8.0_221'
Driver info: org.openqa.selenium.firefox.FirefoxDriver
Capabilities {acceptInsecureCerts: true, browserName: firefox, browserVersion: 81.0, javascriptEnabled: true, moz:accessibilityChecks: false, moz:buildID: 20200917005511, moz:geckodriverVersion: 0.26.0, moz:headless: false, moz:processID: 27336, moz:profile: C:\Users\ravin\AppData\Loca..., moz:shutdownTimeout: 60000, moz:useNonSpecCompliantPointerOrigin: false, moz:webdriverClick: true, pageLoadStrategy: normal, platform: WINDOWS, platformName: WINDOWS, platformVersion: 10.0, rotatable: false, setWindowRect: true, strictFileInteractability: false, timeouts: {implicit: 0, pageLoad: 300000, script: 30000}, unhandledPromptBehavior: dismiss and notify}
Session ID: 1fd079e2-c24a-4229-aa22-00f2b60fea46
*** Element info: {Using=xpath, value=//td[contains(text(),'def 456')]}
	at com.crm.qa.testcases.ContactsPageTest.selectSingleContactsTest(ContactsPageTest.java:51)
</failure>
    <system-out><![CDATA[Before navigating to: 'https://ui.cogmento.com/'
Navigated to:'https://ui.cogmento.com/'
Trying to find Element By : By.name: email
Found Element By : By.name: email
Trying to find Element By : By.name: password
Found Element By : By.name: password
Trying to find Element By : By.xpath: //div[@class='ui fluid large blue submit button']
Found Element By : By.xpath: //div[@class='ui fluid large blue submit button']
Trying to click on: [[FirefoxDriver: firefox on WINDOWS (1fd079e2-c24a-4229-aa22-00f2b60fea46)] -> xpath: //div[@class='ui fluid large blue submit button']]
Clicked on: [[FirefoxDriver: firefox on WINDOWS (1fd079e2-c24a-4229-aa22-00f2b60fea46)] -> xpath: //div[@class='ui fluid large blue submit button']]
Trying to find Element By : By.xpath: //span[contains(text(),'Contacts')]
Found Element By : By.xpath: //span[contains(text(),'Contacts')]
Trying to click on: [[FirefoxDriver: firefox on WINDOWS (1fd079e2-c24a-4229-aa22-00f2b60fea46)] -> xpath: //span[contains(text(),'Contacts')]]
Clicked on: [[FirefoxDriver: firefox on WINDOWS (1fd079e2-c24a-4229-aa22-00f2b60fea46)] -> xpath: //span[contains(text(),'Contacts')]]
Trying to find Element By : By.xpath: //td[contains(text(),'def 456')]
Exception occured: org.openqa.selenium.NoSuchElementException: Unable to locate element: //td[contains(text(),'def 456')]
For documentation on this error, please visit: https://www.seleniumhq.org/exceptions/no_such_element.html
Build info: version: '3.141.59', revision: 'e82be7d358', time: '2018-11-14T08:17:03'
System info: host: 'MITTALCOMPUTER', ip: '192.168.2.18', os.name: 'Windows 10', os.arch: 'amd64', os.version: '10.0', java.version: '1.8.0_221'
Driver info: org.openqa.selenium.firefox.FirefoxDriver
Capabilities {acceptInsecureCerts: true, browserName: firefox, browserVersion: 81.0, javascriptEnabled: true, moz:accessibilityChecks: false, moz:buildID: 20200917005511, moz:geckodriverVersion: 0.26.0, moz:headless: false, moz:processID: 27336, moz:profile: C:\Users\ravin\AppData\Loca..., moz:shutdownTimeout: 60000, moz:useNonSpecCompliantPointerOrigin: false, moz:webdriverClick: true, pageLoadStrategy: normal, platform: WINDOWS, platformName: WINDOWS, platformVersion: 10.0, rotatable: false, setWindowRect: true, strictFileInteractability: false, timeouts: {implicit: 0, pageLoad: 300000, script: 30000}, unhandledPromptBehavior: dismiss and notify}
Session ID: 1fd079e2-c24a-4229-aa22-00f2b60fea46
*** Element info: {Using=xpath, value=//td[contains(text(),'def 456')]}
]]></system-out>
    <system-err><![CDATA[1601575748911	Marionette	INFO	Stopped listening on port 63061

###!!! [Child][RunMessage] Error: Channel closing: too late to send/recv, messages will be lost


###!!! [Child][MessageChannel::SendAndWait] Error: Channel error: cannot send/recv

1601575751044	mozrunner::runner	INFO	Running command: "C:\\Program Files\\Mozilla Firefox\\firefox.exe" "-marionette" "-foreground" "-no-remote" "-profile" "C:\\Users\\ravin\\AppData\\Local\\Temp\\rust_mozprofilei5t6v3"
Can't find symbol 'eglSwapBuffersWithDamageEXT'.
JavaScript error: resource://gre/modules/XULStore.jsm, line 66: Error: Can't find profile directory.
console.error: SearchCache: "_readCacheFile: Error reading cache file:" (new Error("", "(unknown module)"))
1601575755088	Marionette	INFO	Listening on port 63115
1601575755301	Marionette	WARN	TLS certificate errors will be ignored for this session
Oct 01, 2020 2:09:15 PM org.openqa.selenium.remote.ProtocolHandshake createSession
INFO: Detected dialect: W3C
]]></system-err>
  </testcase>
  <testcase name="selectMultipleContactsTest" classname="com.crm.qa.testcases.ContactsPageTest" time="10.422">
    <failure message="Unable to locate element: //td[contains(text(),&apos;abc 123&apos;)]&#10;For documentation on this error, please visit: https://www.seleniumhq.org/exceptions/no_such_element.html&#10;Build info: version: &apos;3.141.59&apos;, revision: &apos;e82be7d358&apos;, time: &apos;2018-11-14T08:17:03&apos;&#10;System info: host: &apos;MITTALCOMPUTER&apos;, ip: &apos;192.168.2.18&apos;, os.name: &apos;Windows 10&apos;, os.arch: &apos;amd64&apos;, os.version: &apos;10.0&apos;, java.version: &apos;1.8.0_221&apos;&#10;Driver info: org.openqa.selenium.firefox.FirefoxDriver&#10;Capabilities {acceptInsecureCerts: true, browserName: firefox, browserVersion: 81.0, javascriptEnabled: true, moz:accessibilityChecks: false, moz:buildID: 20200917005511, moz:geckodriverVersion: 0.26.0, moz:headless: false, moz:processID: 21400, moz:profile: C:\Users\ravin\AppData\Loca..., moz:shutdownTimeout: 60000, moz:useNonSpecCompliantPointerOrigin: false, moz:webdriverClick: true, pageLoadStrategy: normal, platform: WINDOWS, platformName: WINDOWS, platformVersion: 10.0, rotatable: false, setWindowRect: true, strictFileInteractability: false, timeouts: {implicit: 0, pageLoad: 300000, script: 30000}, unhandledPromptBehavior: dismiss and notify}&#10;Session ID: bce7fc67-669d-4eb7-abda-1a9312bd0965&#10;*** Element info: {Using=xpath, value=//td[contains(text(),&apos;abc 123&apos;)]}" type="org.openqa.selenium.NoSuchElementException">org.openqa.selenium.NoSuchElementException: 
Unable to locate element: //td[contains(text(),'abc 123')]
For documentation on this error, please visit: https://www.seleniumhq.org/exceptions/no_such_element.html
Build info: version: '3.141.59', revision: 'e82be7d358', time: '2018-11-14T08:17:03'
System info: host: 'MITTALCOMPUTER', ip: '192.168.2.18', os.name: 'Windows 10', os.arch: 'amd64', os.version: '10.0', java.version: '1.8.0_221'
Driver info: org.openqa.selenium.firefox.FirefoxDriver
Capabilities {acceptInsecureCerts: true, browserName: firefox, browserVersion: 81.0, javascriptEnabled: true, moz:accessibilityChecks: false, moz:buildID: 20200917005511, moz:geckodriverVersion: 0.26.0, moz:headless: false, moz:processID: 21400, moz:profile: C:\Users\ravin\AppData\Loca..., moz:shutdownTimeout: 60000, moz:useNonSpecCompliantPointerOrigin: false, moz:webdriverClick: true, pageLoadStrategy: normal, platform: WINDOWS, platformName: WINDOWS, platformVersion: 10.0, rotatable: false, setWindowRect: true, strictFileInteractability: false, timeouts: {implicit: 0, pageLoad: 300000, script: 30000}, unhandledPromptBehavior: dismiss and notify}
Session ID: bce7fc67-669d-4eb7-abda-1a9312bd0965
*** Element info: {Using=xpath, value=//td[contains(text(),'abc 123')]}
	at com.crm.qa.testcases.ContactsPageTest.selectMultipleContactsTest(ContactsPageTest.java:58)
</failure>
    <system-out><![CDATA[Before navigating to: 'https://ui.cogmento.com/'
Navigated to:'https://ui.cogmento.com/'
Trying to find Element By : By.name: email
Found Element By : By.name: email
Trying to find Element By : By.name: password
Found Element By : By.name: password
Trying to find Element By : By.xpath: //div[@class='ui fluid large blue submit button']
Found Element By : By.xpath: //div[@class='ui fluid large blue submit button']
Trying to click on: [[FirefoxDriver: firefox on WINDOWS (bce7fc67-669d-4eb7-abda-1a9312bd0965)] -> xpath: //div[@class='ui fluid large blue submit button']]
Clicked on: [[FirefoxDriver: firefox on WINDOWS (bce7fc67-669d-4eb7-abda-1a9312bd0965)] -> xpath: //div[@class='ui fluid large blue submit button']]
Trying to find Element By : By.xpath: //span[contains(text(),'Contacts')]
Found Element By : By.xpath: //span[contains(text(),'Contacts')]
Trying to click on: [[FirefoxDriver: firefox on WINDOWS (bce7fc67-669d-4eb7-abda-1a9312bd0965)] -> xpath: //span[contains(text(),'Contacts')]]
Clicked on: [[FirefoxDriver: firefox on WINDOWS (bce7fc67-669d-4eb7-abda-1a9312bd0965)] -> xpath: //span[contains(text(),'Contacts')]]
Trying to find Element By : By.xpath: //td[contains(text(),'abc 123')]
Exception occured: org.openqa.selenium.NoSuchElementException: Unable to locate element: //td[contains(text(),'abc 123')]
For documentation on this error, please visit: https://www.seleniumhq.org/exceptions/no_such_element.html
Build info: version: '3.141.59', revision: 'e82be7d358', time: '2018-11-14T08:17:03'
System info: host: 'MITTALCOMPUTER', ip: '192.168.2.18', os.name: 'Windows 10', os.arch: 'amd64', os.version: '10.0', java.version: '1.8.0_221'
Driver info: org.openqa.selenium.firefox.FirefoxDriver
Capabilities {acceptInsecureCerts: true, browserName: firefox, browserVersion: 81.0, javascriptEnabled: true, moz:accessibilityChecks: false, moz:buildID: 20200917005511, moz:geckodriverVersion: 0.26.0, moz:headless: false, moz:processID: 21400, moz:profile: C:\Users\ravin\AppData\Loca..., moz:shutdownTimeout: 60000, moz:useNonSpecCompliantPointerOrigin: false, moz:webdriverClick: true, pageLoadStrategy: normal, platform: WINDOWS, platformName: WINDOWS, platformVersion: 10.0, rotatable: false, setWindowRect: true, strictFileInteractability: false, timeouts: {implicit: 0, pageLoad: 300000, script: 30000}, unhandledPromptBehavior: dismiss and notify}
Session ID: bce7fc67-669d-4eb7-abda-1a9312bd0965
*** Element info: {Using=xpath, value=//td[contains(text(),'abc 123')]}
]]></system-out>
    <system-err><![CDATA[1601575769956	Marionette	INFO	Stopped listening on port 63115

###!!! [Child][RunMessage] Error: Channel closing: too late to send/recv, messages will be lost


###!!! [Child][MessageChannel::SendAndWait] Error: Channel error: cannot send/recv

1601575771401	mozrunner::runner	INFO	Running command: "C:\\Program Files\\Mozilla Firefox\\firefox.exe" "-marionette" "-foreground" "-no-remote" "-profile" "C:\\Users\\ravin\\AppData\\Local\\Temp\\rust_mozprofileoVcHIi"
Can't find symbol 'eglSwapBuffersWithDamageEXT'.
JavaScript error: resource://gre/modules/XULStore.jsm, line 66: Error: Can't find profile directory.
console.error: SearchCache: "_readCacheFile: Error reading cache file:" (new Error("", "(unknown module)"))
1601575775015	Marionette	INFO	Listening on port 63172
1601575775100	Marionette	WARN	TLS certificate errors will be ignored for this session
Oct 01, 2020 2:09:35 PM org.openqa.selenium.remote.ProtocolHandshake createSession
INFO: Detected dialect: W3C
]]></system-err>
  </testcase>
  <testcase name="validateCreateNewContact" classname="com.crm.qa.testcases.ContactsPageTest" time="2.944"/>
  <testcase name="validateCreateNewContact" classname="com.crm.qa.testcases.ContactsPageTest" time="2.923"/>
  <testcase name="validateCreateNewContact" classname="com.crm.qa.testcases.ContactsPageTest" time="2.936"/>
  <testcase name="verifyHomePageTitleTest" classname="com.crm.qa.testcases.HomePageTest" time="0"/>
  <testcase name="verifyUserNameTest" classname="com.crm.qa.testcases.HomePageTest" time="1.226"/>
  <testcase name="verifycontactsLinkTest" classname="com.crm.qa.testcases.HomePageTest" time="1.356"/>
  <testcase name="loginPageTitleTest" classname="com.crm.qa.testcases.LoginPageTest" time="0.03"/>
  <testcase name="loginTest" classname="com.crm.qa.testcases.LoginPageTest" time="0.694"/>
</testsuite>