<?xml version="1.0" encoding="UTF-8"?>
<testng-results skipped="0" failed="0" ignored="0" total="2" passed="2">
  <reporter-output>
  </reporter-output>
  <suite name="Default suite" duration-ms="19113" started-at="2020-11-18T16:50:40 EST" finished-at="2020-11-18T16:50:59 EST">
    <groups>
      <group name="smoke">
        <method signature="LoginPageTest.loginTest()[pri:2, instance:com.crm.qa.testcases.LoginPageTest@1f57539]" name="loginTest" class="com.crm.qa.testcases.LoginPageTest"/>
      </group> <!-- smoke -->
      <group name="sanity">
        <method signature="LoginPageTest.loginTest()[pri:2, instance:com.crm.qa.testcases.LoginPageTest@1f57539]" name="loginTest" class="com.crm.qa.testcases.LoginPageTest"/>
      </group> <!-- sanity -->
    </groups>
    <test name="Default test" duration-ms="19113" started-at="2020-11-18T16:50:40 EST" finished-at="2020-11-18T16:50:59 EST">
      <class name="com.crm.qa.testcases.LoginPageTest">
        <test-method status="PASS" signature="setUp()[pri:0, instance:com.crm.qa.testcases.LoginPageTest@1f57539]" name="setUp" is-config="true" duration-ms="8872" started-at="2020-11-18T16:50:40 EST" finished-at="2020-11-18T16:50:49 EST">
          <reporter-output>
          </reporter-output>
        </test-method> <!-- setUp -->
        <test-method status="PASS" signature="loginPageTitleTest()[pri:1, instance:com.crm.qa.testcases.LoginPageTest@1f57539]" name="loginPageTitleTest" duration-ms="21" started-at="2020-11-18T16:50:49 EST" finished-at="2020-11-18T16:50:49 EST">
          <reporter-output>
          </reporter-output>
        </test-method> <!-- loginPageTitleTest -->
        <test-method status="PASS" signature="tearDown()[pri:0, instance:com.crm.qa.testcases.LoginPageTest@1f57539]" name="tearDown" is-config="true" duration-ms="1420" started-at="2020-11-18T16:50:49 EST" finished-at="2020-11-18T16:50:51 EST">
          <reporter-output>
          </reporter-output>
        </test-method> <!-- tearDown -->
        <test-method status="PASS" signature="setUp()[pri:0, instance:com.crm.qa.testcases.LoginPageTest@1f57539]" name="setUp" is-config="true" duration-ms="7656" started-at="2020-11-18T16:50:51 EST" finished-at="2020-11-18T16:50:58 EST">
          <reporter-output>
          </reporter-output>
        </test-method> <!-- setUp -->
        <test-method status="PASS" signature="loginTest()[pri:2, instance:com.crm.qa.testcases.LoginPageTest@1f57539]" name="loginTest" duration-ms="399" started-at="2020-11-18T16:50:58 EST" finished-at="2020-11-18T16:50:59 EST">
          <reporter-output>
          </reporter-output>
        </test-method> <!-- loginTest -->
        <test-method status="PASS" signature="tearDown()[pri:0, instance:com.crm.qa.testcases.LoginPageTest@1f57539]" name="tearDown" is-config="true" duration-ms="700" started-at="2020-11-18T16:50:59 EST" finished-at="2020-11-18T16:50:59 EST">
          <reporter-output>
          </reporter-output>
        </test-method> <!-- tearDown -->
      </class> <!-- com.crm.qa.testcases.LoginPageTest -->
    </test> <!-- Default test -->
  </suite> <!-- Default suite -->
</testng-results>
